Creating test database for alias 'default'...
System check identified no issues (0 silenced).
............................................................................
----------------------------------------------------------------------
Ran 76 tests in 3.321s

OK
Destroying test database for alias 'default'...
Name                                                     Stmts   Miss  Cover   Missing
--------------------------------------------------------------------------------------
catalog/__init__.py                                          0      0   100%
catalog/admin.py                                            23      0   100%
catalog/apps.py                                              4      0   100%
catalog/forms.py                                            13      0   100%
catalog/migrations/0001_initial.py                           7      0   100%
catalog/migrations/0002_auto_20230204_1345.py                5      0   100%
catalog/migrations/0003_auto_20230204_2335.py                5      0   100%
catalog/migrations/0004_auto_20230204_2336.py                5      0   100%
catalog/migrations/0005_alter_author_options.py              4      0   100%
catalog/migrations/0006_auto_20230210_0908.py                6      0   100%
catalog/migrations/0007_alter_author_date_of_birth.py        4      0   100%
catalog/migrations/0008_alter_author_date_of_birth.py        4      0   100%
catalog/migrations/0009_alter_author_date_of_birth.py        4      0   100%
catalog/migrations/0010_alter_bookinstance_due_back.py       4      0   100%
catalog/migrations/0011_alter_bookinstance_due_back.py       4      0   100%
catalog/migrations/__init__.py                               0      0   100%
catalog/models.py                                           56      2    96%   64, 115
catalog/urls.py                                              3      0   100%
catalog/views.py                                            86      0   100%
--------------------------------------------------------------------------------------
TOTAL                                                      237      2    99%